<?xml version="1.0" encoding="UTF-8"?>
<!-- Generated by org.testng.reporters.JUnitXMLReporter -->
<testsuite hostname="WKWIN2879131" ignored="0" name="TestsForWinChrome" tests="1" failures="1" timestamp="05 Apr 2019 10:18:15 GMT" time="16.189" errors="0">
  <testcase name="VerifySearchResultScreen_TC001" time="10.841" classname="instaHire.Tests.SC_001">
    <failure type="java.lang.AssertionError" message="Expected url not found on google search result expected [true] but found [false]">
      <![CDATA[java.lang.AssertionError: Expected url not found on google search result expected [true] but found [false]
at instaHire.Tests.SC_001.VerifySearchResultScreen_TC001(SC_001.java:44)
... Removed 28 stack frames]]>
    </failure>
  </testcase> <!-- VerifySearchResultScreen_TC001 -->
</testsuite> <!-- TestsForWinChrome -->
