<?xml version="1.0" encoding="UTF-8"?>
<testng-results skipped="0" failed="1" ignored="0" total="1" passed="0">
  <reporter-output>
    <line>
      <![CDATA[Application started and page is on google search.]]>
    </line>
    <line>
      <![CDATA[Entered seach item :instawork]]>
    </line>
    <line>
      <![CDATA[Unable to find the expected url on seach result.number of pages scanned : 9. number of search result scanned: 79]]>
    </line>
  </reporter-output>
  <suite name="Suite" duration-ms="40753" started-at="2019-04-05T10:37:24Z" finished-at="2019-04-05T10:38:05Z">
    <groups>
    </groups>
    <test name="TestsForWinIE" duration-ms="40753" started-at="2019-04-05T10:37:24Z" finished-at="2019-04-05T10:38:05Z">
      <class name="instaHire.Tests.SC_001">
        <test-method status="PASS" signature="beforeTest(java.lang.String)[pri:0, instance:instaHire.Tests.SC_001@6fc6f14e]" name="beforeTest" is-config="true" duration-ms="2987" started-at="2019-04-05T10:37:24Z" finished-at="2019-04-05T10:37:27Z">
          <params>
            <param index="0">
              <value>
                <![CDATA[WinIE]]>
              </value>
            </param>
          </params>
          <reporter-output>
          </reporter-output>
        </test-method> <!-- beforeTest -->
        <test-method status="PASS" signature="beforeMethod()[pri:0, instance:instaHire.Tests.SC_001@6fc6f14e]" name="beforeMethod" is-config="true" duration-ms="606" started-at="2019-04-05T10:37:27Z" finished-at="2019-04-05T10:37:28Z">
          <reporter-output>
          </reporter-output>
        </test-method> <!-- beforeMethod -->
        <test-method status="FAIL" signature="VerifySearchResultScreen_TC001()[pri:0, instance:instaHire.Tests.SC_001@6fc6f14e]" name="VerifySearchResultScreen_TC001" duration-ms="37143" started-at="2019-04-05T10:37:28Z" finished-at="2019-04-05T10:38:05Z">
          <exception class="java.lang.AssertionError">
            <message>
              <![CDATA[Expected url not found on google search result expected [true] but found [false]]]>
            </message>
            <full-stacktrace>
              <![CDATA[java.lang.AssertionError: Expected url not found on google search result expected [true] but found [false]
at org.testng.Assert.fail(Assert.java:96)
at org.testng.Assert.failNotEquals(Assert.java:776)
at org.testng.Assert.assertTrue(Assert.java:44)
at instaHire.Tests.SC_001.VerifySearchResultScreen_TC001(SC_001.java:44)
at sun.reflect.NativeMethodAccessorImpl.invoke0(Native Method)
at sun.reflect.NativeMethodAccessorImpl.invoke(NativeMethodAccessorImpl.java:62)
at sun.reflect.DelegatingMethodAccessorImpl.invoke(DelegatingMethodAccessorImpl.java:43)
at java.lang.reflect.Method.invoke(Method.java:498)
at org.testng.internal.MethodInvocationHelper.invokeMethod(MethodInvocationHelper.java:124)
at org.testng.internal.Invoker.invokeMethod(Invoker.java:580)
at org.testng.internal.Invoker.invokeTestMethod(Invoker.java:716)
at org.testng.internal.Invoker.invokeTestMethods(Invoker.java:988)
at org.testng.internal.TestMethodWorker.invokeTestMethods(TestMethodWorker.java:125)
at org.testng.internal.TestMethodWorker.run(TestMethodWorker.java:109)
at org.testng.TestRunner.privateRun(TestRunner.java:648)
at org.testng.TestRunner.run(TestRunner.java:505)
at org.testng.SuiteRunner.runTest(SuiteRunner.java:455)
at org.testng.SuiteRunner.runSequentially(SuiteRunner.java:450)
at org.testng.SuiteRunner.privateRun(SuiteRunner.java:415)
at org.testng.SuiteRunner.run(SuiteRunner.java:364)
at org.testng.SuiteRunnerWorker.runSuite(SuiteRunnerWorker.java:52)
at org.testng.SuiteRunnerWorker.run(SuiteRunnerWorker.java:84)
at org.testng.TestNG.runSuitesSequentially(TestNG.java:1208)
at org.testng.TestNG.runSuitesLocally(TestNG.java:1137)
at org.testng.TestNG.runSuites(TestNG.java:1049)
at org.testng.TestNG.run(TestNG.java:1017)
at org.testng.remote.AbstractRemoteTestNG.run(AbstractRemoteTestNG.java:114)
at org.testng.remote.RemoteTestNG.initAndRun(RemoteTestNG.java:251)
at org.testng.remote.RemoteTestNG.main(RemoteTestNG.java:77)
]]>
            </full-stacktrace>
          </exception> <!-- java.lang.AssertionError -->
          <reporter-output>
            <line>
              <![CDATA[Application started and page is on google search.]]>
            </line>
            <line>
              <![CDATA[Entered seach item :instawork]]>
            </line>
            <line>
              <![CDATA[Unable to find the expected url on seach result.number of pages scanned : 9. number of search result scanned: 79]]>
            </line>
          </reporter-output>
        </test-method> <!-- VerifySearchResultScreen_TC001 -->
        <test-method status="PASS" signature="afterMethod()[pri:0, instance:instaHire.Tests.SC_001@6fc6f14e]" name="afterMethod" is-config="true" duration-ms="0" started-at="2019-04-05T10:38:05Z" finished-at="2019-04-05T10:38:05Z">
          <reporter-output>
          </reporter-output>
        </test-method> <!-- afterMethod -->
        <test-method status="PASS" signature="afterTest()[pri:0, instance:instaHire.Tests.SC_001@6fc6f14e]" name="afterTest" is-config="true" duration-ms="0" started-at="2019-04-05T10:38:05Z" finished-at="2019-04-05T10:38:05Z">
          <reporter-output>
          </reporter-output>
        </test-method> <!-- afterTest -->
      </class> <!-- instaHire.Tests.SC_001 -->
    </test> <!-- TestsForWinIE -->
  </suite> <!-- Suite -->
</testng-results>
